<?xml version="1.0" encoding="UTF-8"?>
<!-- Generated by org.testng.reporters.JUnitXMLReporter -->
<testsuite ignored="0" hostname="DESKTOP-MJS8BJH" failures="2" tests="2" name="Test" time="0.698" errors="0" timestamp="2024-04-27T08:34:50 IST">
  <testcase classname="testCases.TC_001" name="homePageTitleTest" time="0.019">
    <failure type="java.lang.NullPointerException" message="Cannot invoke &amp;quot;org.apache.logging.log4j.Logger.info(String)&amp;quot; because &amp;quot;this.logger&amp;quot; is null">
      <![CDATA[java.lang.NullPointerException: Cannot invoke "org.apache.logging.log4j.Logger.info(String)" because "this.logger" is null
at testCases.TC_001.homePageTitleTest(TC_001.java:17)
at java.base/java.util.ArrayList.forEach(ArrayList.java:1596)
... Removed 25 stack frames]]>
    </failure>
  </testcase> <!-- homePageTitleTest -->
  <testcase classname="testCases.TC_001" name="homePageTitleTest" time="0.082">
    <failure type="java.lang.IllegalArgumentException" message="Cannot format given Object as a Date">
      <![CDATA[java.lang.IllegalArgumentException: Cannot format given Object as a Date
at java.base/java.text.DateFormat.format(DateFormat.java:342)
at java.base/java.text.Format.format(Format.java:159)
at testBase.BaseClass.captureScreen(BaseClass.java:79)
at utilities.ExtentReportManager.onTestFailure(ExtentReportManager.java:97)
at java.base/java.util.ArrayList.forEach(ArrayList.java:1596)
... Removed 24 stack frames]]>
    </failure>
  </testcase> <!-- homePageTitleTest -->
</testsuite> <!-- Test -->
