<?xml version="1.0" encoding="UTF-8"?>
<!-- Generated by org.testng.reporters.JUnitXMLReporter -->
<testsuite ignored="0" hostname="DESKTOP-MJS8BJH" failures="0" tests="12" name="sanityTest" time="90.472" errors="0" timestamp="2024-04-28T11:53:21 IST">
  <testcase classname="testCases.TC_001" name="homePageTitleTest" time="0.24"/>
  <testcase classname="testCases.TC_002" name="registerPageTest" time="0.808"/>
  <testcase classname="testCases.TC_003" name="LoginPageTest" time="1.736"/>
  <testcase classname="testCases.TC_004" name="validateWishListPage" time="0.723"/>
  <testcase classname="testCases.TC_005" name="shoppingCartPageTest" time="1.749"/>
  <testcase classname="testCases.TC_006" name="registerWithValidData" time="3.557"/>
  <testcase classname="testCases.TC_007" name="genderTest" time="1.724"/>
  <testcase classname="testCases.TC_008" name="loginTest" time="6.374"/>
  <testcase classname="testCases.TC_009" name="loginInvalidTest" time="5.634"/>
  <testcase classname="testCases.TC_010" name="test" time="1.811"/>
  <testcase classname="testCases.TC_011" name="LogoutTest" time="11.873"/>
  <testcase classname="testCases.TC_012" name="AddProductToTheWishlist" time="12.286"/>
</testsuite> <!-- sanityTest -->
